2026-01-29 18:02:22.815 [JavaFX Application Thread] DEBUG com.hcs.weighbridge.config.DatabaseConfig - Loading database configuration...
2026-01-29 18:02:22.825 [JavaFX Application Thread] WARN  com.hcs.weighbridge.config.DatabaseConfig - Configuration file 'dbconfig.properties' not found. Using default settings
2026-01-29 18:02:22.826 [JavaFX Application Thread] INFO  com.hcs.weighbridge.config.DatabaseConfig - Default configuration: host=localhost, port=3306, db=weighbridge, user=root
2026-01-29 18:02:22.826 [JavaFX Application Thread] INFO  com.hcs.weighbridge.config.DatabaseConfig - Starting database initialization...
2026-01-29 18:02:22.834 [JavaFX Application Thread] DEBUG com.hcs.weighbridge.config.DatabaseConfig - MySQL JDBC driver loaded successfully
2026-01-29 18:02:23.824 [JavaFX Application Thread] DEBUG com.hcs.weighbridge.config.DatabaseConfig - Executing database creation SQL: CREATE DATABASE IF NOT EXISTS weighbridge CHARACTER SET utf8mb4 COLLATE utf8mb4_unicode_ci
2026-01-29 18:02:23.831 [JavaFX Application Thread] INFO  com.hcs.weighbridge.config.DatabaseConfig - Database 'weighbridge' checked/created successfully
2026-01-29 18:02:23.833 [JavaFX Application Thread] DEBUG com.hcs.weighbridge.config.DatabaseConfig - Attempting to connect to database: jdbc:mysql://localhost:3306/weighbridge?useSSL=false&useUnicode=true&characterEncoding=UTF-8
2026-01-29 18:02:23.838 [JavaFX Application Thread] INFO  com.hcs.weighbridge.config.DatabaseConfig - Connected to database 'weighbridge' at localhost:3306
2026-01-29 18:02:23.838 [JavaFX Application Thread] DEBUG com.hcs.weighbridge.config.DatabaseConfig - Creating/checking database tables...
2026-01-29 18:02:23.838 [JavaFX Application Thread] DEBUG com.hcs.weighbridge.config.DatabaseConfig - Creating 'weigh_data' table if not exists
2026-01-29 18:02:23.896 [JavaFX Application Thread] INFO  com.hcs.weighbridge.config.DatabaseConfig - Table 'weigh_data' checked/created successfully
2026-01-29 18:02:23.897 [JavaFX Application Thread] DEBUG com.hcs.weighbridge.config.DatabaseConfig - Creating 'app_config' table if not exists
2026-01-29 18:02:23.937 [JavaFX Application Thread] INFO  com.hcs.weighbridge.config.DatabaseConfig - Table 'app_config' checked/created successfully
2026-01-29 18:02:23.937 [JavaFX Application Thread] DEBUG com.hcs.weighbridge.config.DatabaseConfig - Inserting default configurations...
2026-01-29 18:02:23.964 [JavaFX Application Thread] INFO  com.hcs.weighbridge.config.DatabaseConfig - Inserted 7 default configurations into app_config
2026-01-29 18:02:23.965 [JavaFX Application Thread] INFO  com.hcs.weighbridge.config.DatabaseConfig - Database and tables initialized successfully
2026-01-29 18:02:23.965 [JavaFX Application Thread] DEBUG com.hcs.weighbridge.config.DatabaseConfig - getConnection() called
2026-01-29 18:02:24.021 [JavaFX Application Thread] DEBUG com.hcs.weighbridge.serial.WeighReader - Creating WeighReader instance with config: com.hcs.weighbridge.model.SerialConfig@60d3c9 and listener: provided
2026-01-29 18:02:24.038 [JavaFX Application Thread] INFO  com.hcs.weighbridge.serial.WeighReader - Retrieved SerialPort for: COM1
2026-01-29 18:02:24.038 [JavaFX Application Thread] DEBUG com.hcs.weighbridge.serial.WeighReader - Serial port parameters set - Baud: 2400, Data Bits: 7, Stop Bits: ONE, Parity: 2
2026-01-29 18:02:24.040 [WeighReader-Thread] INFO  com.hcs.weighbridge.serial.WeighReader - Starting WeighReader thread
2026-01-29 18:02:24.040 [WeighReader-Thread] DEBUG com.hcs.weighbridge.serial.WeighReader - Attempting to open serial port (attempt #1)
2026-01-29 18:02:24.041 [WeighReader-Thread] WARN  com.hcs.weighbridge.serial.WeighReader - Failed to open serial port on attempt #1
2026-01-29 18:02:26.041 [WeighReader-Thread] DEBUG com.hcs.weighbridge.serial.WeighReader - Attempting to open serial port (attempt #2)
2026-01-29 18:02:26.041 [WeighReader-Thread] WARN  com.hcs.weighbridge.serial.WeighReader - Failed to open serial port on attempt #2
2026-01-29 18:02:28.041 [WeighReader-Thread] DEBUG com.hcs.weighbridge.serial.WeighReader - Attempting to open serial port (attempt #3)
2026-01-29 18:02:28.041 [WeighReader-Thread] WARN  com.hcs.weighbridge.serial.WeighReader - Failed to open serial port on attempt #3
2026-01-29 18:02:30.042 [WeighReader-Thread] DEBUG com.hcs.weighbridge.serial.WeighReader - Attempting to open serial port (attempt #4)
2026-01-29 18:02:30.042 [WeighReader-Thread] WARN  com.hcs.weighbridge.serial.WeighReader - Failed to open serial port on attempt #4
2026-01-29 18:02:32.042 [WeighReader-Thread] DEBUG com.hcs.weighbridge.serial.WeighReader - Attempting to open serial port (attempt #5)
2026-01-29 18:02:32.042 [WeighReader-Thread] WARN  com.hcs.weighbridge.serial.WeighReader - Failed to open serial port on attempt #5
2026-01-29 18:02:34.042 [WeighReader-Thread] DEBUG com.hcs.weighbridge.serial.WeighReader - Attempting to open serial port (attempt #6)
2026-01-29 18:02:34.042 [WeighReader-Thread] WARN  com.hcs.weighbridge.serial.WeighReader - Failed to open serial port on attempt #6
2026-01-29 18:02:36.043 [WeighReader-Thread] DEBUG com.hcs.weighbridge.serial.WeighReader - Attempting to open serial port (attempt #7)
2026-01-29 18:02:36.043 [WeighReader-Thread] WARN  com.hcs.weighbridge.serial.WeighReader - Failed to open serial port on attempt #7
2026-01-29 18:02:38.043 [WeighReader-Thread] DEBUG com.hcs.weighbridge.serial.WeighReader - Attempting to open serial port (attempt #8)
2026-01-29 18:02:38.043 [WeighReader-Thread] WARN  com.hcs.weighbridge.serial.WeighReader - Failed to open serial port on attempt #8
2026-01-29 18:02:40.046 [WeighReader-Thread] DEBUG com.hcs.weighbridge.serial.WeighReader - Attempting to open serial port (attempt #9)
2026-01-29 18:02:40.049 [WeighReader-Thread] WARN  com.hcs.weighbridge.serial.WeighReader - Failed to open serial port on attempt #9
2026-01-29 18:02:42.050 [WeighReader-Thread] DEBUG com.hcs.weighbridge.serial.WeighReader - Attempting to open serial port (attempt #10)
2026-01-29 18:02:42.050 [WeighReader-Thread] WARN  com.hcs.weighbridge.serial.WeighReader - Failed to open serial port on attempt #10
2026-01-29 18:02:44.050 [WeighReader-Thread] DEBUG com.hcs.weighbridge.serial.WeighReader - Attempting to open serial port (attempt #11)
2026-01-29 18:02:44.050 [WeighReader-Thread] WARN  com.hcs.weighbridge.serial.WeighReader - Failed to open serial port on attempt #11
2026-01-29 18:02:46.050 [WeighReader-Thread] DEBUG com.hcs.weighbridge.serial.WeighReader - Attempting to open serial port (attempt #12)
2026-01-29 18:02:46.050 [WeighReader-Thread] WARN  com.hcs.weighbridge.serial.WeighReader - Failed to open serial port on attempt #12
2026-01-29 18:02:48.051 [WeighReader-Thread] DEBUG com.hcs.weighbridge.serial.WeighReader - Attempting to open serial port (attempt #13)
2026-01-29 18:02:48.051 [WeighReader-Thread] WARN  com.hcs.weighbridge.serial.WeighReader - Failed to open serial port on attempt #13
2026-01-29 18:02:50.051 [WeighReader-Thread] DEBUG com.hcs.weighbridge.serial.WeighReader - Attempting to open serial port (attempt #14)
2026-01-29 18:02:50.051 [WeighReader-Thread] WARN  com.hcs.weighbridge.serial.WeighReader - Failed to open serial port on attempt #14
2026-01-29 18:02:52.052 [WeighReader-Thread] DEBUG com.hcs.weighbridge.serial.WeighReader - Attempting to open serial port (attempt #15)
2026-01-29 18:02:52.052 [WeighReader-Thread] WARN  com.hcs.weighbridge.serial.WeighReader - Failed to open serial port on attempt #15
2026-01-29 18:02:54.052 [WeighReader-Thread] DEBUG com.hcs.weighbridge.serial.WeighReader - Attempting to open serial port (attempt #16)
2026-01-29 18:02:54.052 [WeighReader-Thread] WARN  com.hcs.weighbridge.serial.WeighReader - Failed to open serial port on attempt #16
2026-01-29 18:02:56.052 [WeighReader-Thread] DEBUG com.hcs.weighbridge.serial.WeighReader - Attempting to open serial port (attempt #17)
2026-01-29 18:02:56.052 [WeighReader-Thread] WARN  com.hcs.weighbridge.serial.WeighReader - Failed to open serial port on attempt #17
2026-01-29 18:02:58.053 [WeighReader-Thread] DEBUG com.hcs.weighbridge.serial.WeighReader - Attempting to open serial port (attempt #18)
2026-01-29 18:02:58.053 [WeighReader-Thread] WARN  com.hcs.weighbridge.serial.WeighReader - Failed to open serial port on attempt #18
2026-01-29 18:03:00.053 [WeighReader-Thread] DEBUG com.hcs.weighbridge.serial.WeighReader - Attempting to open serial port (attempt #19)
2026-01-29 18:03:00.053 [WeighReader-Thread] WARN  com.hcs.weighbridge.serial.WeighReader - Failed to open serial port on attempt #19
2026-01-29 18:03:02.054 [WeighReader-Thread] DEBUG com.hcs.weighbridge.serial.WeighReader - Attempting to open serial port (attempt #20)
2026-01-29 18:03:02.054 [WeighReader-Thread] WARN  com.hcs.weighbridge.serial.WeighReader - Failed to open serial port on attempt #20
2026-01-29 18:03:04.055 [WeighReader-Thread] DEBUG com.hcs.weighbridge.serial.WeighReader - Attempting to open serial port (attempt #21)
2026-01-29 18:03:04.055 [WeighReader-Thread] WARN  com.hcs.weighbridge.serial.WeighReader - Failed to open serial port on attempt #21
2026-01-29 18:03:06.055 [WeighReader-Thread] DEBUG com.hcs.weighbridge.serial.WeighReader - Attempting to open serial port (attempt #22)
2026-01-29 18:03:06.055 [WeighReader-Thread] WARN  com.hcs.weighbridge.serial.WeighReader - Failed to open serial port on attempt #22
2026-01-29 18:03:08.055 [WeighReader-Thread] DEBUG com.hcs.weighbridge.serial.WeighReader - Attempting to open serial port (attempt #23)
2026-01-29 18:03:08.055 [WeighReader-Thread] WARN  com.hcs.weighbridge.serial.WeighReader - Failed to open serial port on attempt #23
2026-01-29 18:03:33.458 [JavaFX Application Thread] DEBUG com.hcs.weighbridge.config.DatabaseConfig - Loading database configuration...
2026-01-29 18:03:33.463 [JavaFX Application Thread] WARN  com.hcs.weighbridge.config.DatabaseConfig - Configuration file 'dbconfig.properties' not found. Using default settings
2026-01-29 18:03:33.463 [JavaFX Application Thread] INFO  com.hcs.weighbridge.config.DatabaseConfig - Default configuration: host=localhost, port=3306, db=weighbridge, user=root
2026-01-29 18:03:33.463 [JavaFX Application Thread] INFO  com.hcs.weighbridge.config.DatabaseConfig - Starting database initialization...
2026-01-29 18:03:33.469 [JavaFX Application Thread] DEBUG com.hcs.weighbridge.config.DatabaseConfig - MySQL JDBC driver loaded successfully
2026-01-29 18:03:34.447 [JavaFX Application Thread] DEBUG com.hcs.weighbridge.config.DatabaseConfig - Executing database creation SQL: CREATE DATABASE IF NOT EXISTS weighbridge CHARACTER SET utf8mb4 COLLATE utf8mb4_unicode_ci
2026-01-29 18:03:34.456 [JavaFX Application Thread] INFO  com.hcs.weighbridge.config.DatabaseConfig - Database 'weighbridge' checked/created successfully
2026-01-29 18:03:34.458 [JavaFX Application Thread] DEBUG com.hcs.weighbridge.config.DatabaseConfig - Attempting to connect to database: jdbc:mysql://localhost:3306/weighbridge?useSSL=false&useUnicode=true&characterEncoding=UTF-8
2026-01-29 18:03:34.462 [JavaFX Application Thread] INFO  com.hcs.weighbridge.config.DatabaseConfig - Connected to database 'weighbridge' at localhost:3306
2026-01-29 18:03:34.462 [JavaFX Application Thread] DEBUG com.hcs.weighbridge.config.DatabaseConfig - Creating/checking database tables...
2026-01-29 18:03:34.462 [JavaFX Application Thread] DEBUG com.hcs.weighbridge.config.DatabaseConfig - Creating 'weigh_data' table if not exists
2026-01-29 18:03:34.515 [JavaFX Application Thread] INFO  com.hcs.weighbridge.config.DatabaseConfig - Table 'weigh_data' checked/created successfully
2026-01-29 18:03:34.515 [JavaFX Application Thread] DEBUG com.hcs.weighbridge.config.DatabaseConfig - Creating 'app_config' table if not exists
2026-01-29 18:03:34.548 [JavaFX Application Thread] INFO  com.hcs.weighbridge.config.DatabaseConfig - Table 'app_config' checked/created successfully
2026-01-29 18:03:34.549 [JavaFX Application Thread] DEBUG com.hcs.weighbridge.config.DatabaseConfig - Inserting default configurations...
2026-01-29 18:03:34.573 [JavaFX Application Thread] INFO  com.hcs.weighbridge.config.DatabaseConfig - Inserted 7 default configurations into app_config
2026-01-29 18:03:34.574 [JavaFX Application Thread] INFO  com.hcs.weighbridge.config.DatabaseConfig - Database and tables initialized successfully
2026-01-29 18:03:34.574 [JavaFX Application Thread] DEBUG com.hcs.weighbridge.config.DatabaseConfig - getConnection() called
2026-01-29 18:03:34.618 [JavaFX Application Thread] DEBUG com.hcs.weighbridge.serial.WeighReader - Creating WeighReader instance with config: com.hcs.weighbridge.model.SerialConfig@1f17e4c and listener: provided
2026-01-29 18:03:34.627 [JavaFX Application Thread] INFO  com.hcs.weighbridge.serial.WeighReader - Retrieved SerialPort for: COM1
2026-01-29 18:03:34.628 [JavaFX Application Thread] DEBUG com.hcs.weighbridge.serial.WeighReader - Serial port parameters set - Baud: 2400, Data Bits: 7, Stop Bits: ONE, Parity: 2
2026-01-29 18:03:34.629 [WeighReader-Thread] INFO  com.hcs.weighbridge.serial.WeighReader - Starting WeighReader thread
2026-01-29 18:03:34.629 [WeighReader-Thread] DEBUG com.hcs.weighbridge.serial.WeighReader - Attempting to open serial port (attempt #1)
2026-01-29 18:03:34.629 [WeighReader-Thread] WARN  com.hcs.weighbridge.serial.WeighReader - Failed to open serial port on attempt #1
2026-01-29 18:03:36.630 [WeighReader-Thread] DEBUG com.hcs.weighbridge.serial.WeighReader - Attempting to open serial port (attempt #2)
2026-01-29 18:03:36.630 [WeighReader-Thread] WARN  com.hcs.weighbridge.serial.WeighReader - Failed to open serial port on attempt #2
2026-01-29 18:03:38.631 [WeighReader-Thread] DEBUG com.hcs.weighbridge.serial.WeighReader - Attempting to open serial port (attempt #3)
2026-01-29 18:03:38.631 [WeighReader-Thread] WARN  com.hcs.weighbridge.serial.WeighReader - Failed to open serial port on attempt #3
2026-01-29 18:03:40.631 [WeighReader-Thread] DEBUG com.hcs.weighbridge.serial.WeighReader - Attempting to open serial port (attempt #4)
2026-01-29 18:03:40.631 [WeighReader-Thread] WARN  com.hcs.weighbridge.serial.WeighReader - Failed to open serial port on attempt #4
2026-01-29 18:03:42.631 [WeighReader-Thread] DEBUG com.hcs.weighbridge.serial.WeighReader - Attempting to open serial port (attempt #5)
2026-01-29 18:03:42.631 [WeighReader-Thread] WARN  com.hcs.weighbridge.serial.WeighReader - Failed to open serial port on attempt #5
2026-01-29 18:03:44.631 [WeighReader-Thread] DEBUG com.hcs.weighbridge.serial.WeighReader - Attempting to open serial port (attempt #6)
2026-01-29 18:03:44.631 [WeighReader-Thread] WARN  com.hcs.weighbridge.serial.WeighReader - Failed to open serial port on attempt #6
2026-01-29 18:03:46.631 [WeighReader-Thread] DEBUG com.hcs.weighbridge.serial.WeighReader - Attempting to open serial port (attempt #7)
2026-01-29 18:03:46.631 [WeighReader-Thread] WARN  com.hcs.weighbridge.serial.WeighReader - Failed to open serial port on attempt #7
2026-01-29 18:03:48.632 [WeighReader-Thread] DEBUG com.hcs.weighbridge.serial.WeighReader - Attempting to open serial port (attempt #8)
2026-01-29 18:03:48.632 [WeighReader-Thread] WARN  com.hcs.weighbridge.serial.WeighReader - Failed to open serial port on attempt #8
2026-01-29 18:03:50.632 [WeighReader-Thread] DEBUG com.hcs.weighbridge.serial.WeighReader - Attempting to open serial port (attempt #9)
2026-01-29 18:03:50.632 [WeighReader-Thread] WARN  com.hcs.weighbridge.serial.WeighReader - Failed to open serial port on attempt #9
2026-01-29 18:03:52.633 [WeighReader-Thread] DEBUG com.hcs.weighbridge.serial.WeighReader - Attempting to open serial port (attempt #10)
2026-01-29 18:03:52.633 [WeighReader-Thread] WARN  com.hcs.weighbridge.serial.WeighReader - Failed to open serial port on attempt #10
2026-01-29 18:03:54.633 [WeighReader-Thread] DEBUG com.hcs.weighbridge.serial.WeighReader - Attempting to open serial port (attempt #11)
2026-01-29 18:03:54.633 [WeighReader-Thread] WARN  com.hcs.weighbridge.serial.WeighReader - Failed to open serial port on attempt #11
2026-01-29 18:03:56.633 [WeighReader-Thread] DEBUG com.hcs.weighbridge.serial.WeighReader - Attempting to open serial port (attempt #12)
2026-01-29 18:03:56.633 [WeighReader-Thread] WARN  com.hcs.weighbridge.serial.WeighReader - Failed to open serial port on attempt #12
2026-01-29 18:03:58.634 [WeighReader-Thread] DEBUG com.hcs.weighbridge.serial.WeighReader - Attempting to open serial port (attempt #13)
2026-01-29 18:03:58.634 [WeighReader-Thread] WARN  com.hcs.weighbridge.serial.WeighReader - Failed to open serial port on attempt #13
2026-01-29 18:04:00.634 [WeighReader-Thread] DEBUG com.hcs.weighbridge.serial.WeighReader - Attempting to open serial port (attempt #14)
2026-01-29 18:04:00.634 [WeighReader-Thread] WARN  com.hcs.weighbridge.serial.WeighReader - Failed to open serial port on attempt #14
2026-01-29 18:04:02.635 [WeighReader-Thread] DEBUG com.hcs.weighbridge.serial.WeighReader - Attempting to open serial port (attempt #15)
2026-01-29 18:04:02.635 [WeighReader-Thread] WARN  com.hcs.weighbridge.serial.WeighReader - Failed to open serial port on attempt #15
2026-01-29 18:04:04.636 [WeighReader-Thread] DEBUG com.hcs.weighbridge.serial.WeighReader - Attempting to open serial port (attempt #16)
2026-01-29 18:04:04.636 [WeighReader-Thread] WARN  com.hcs.weighbridge.serial.WeighReader - Failed to open serial port on attempt #16
2026-01-29 18:04:06.637 [WeighReader-Thread] DEBUG com.hcs.weighbridge.serial.WeighReader - Attempting to open serial port (attempt #17)
2026-01-29 18:04:06.637 [WeighReader-Thread] WARN  com.hcs.weighbridge.serial.WeighReader - Failed to open serial port on attempt #17
2026-01-29 18:04:08.637 [WeighReader-Thread] DEBUG com.hcs.weighbridge.serial.WeighReader - Attempting to open serial port (attempt #18)
2026-01-29 18:04:08.637 [WeighReader-Thread] WARN  com.hcs.weighbridge.serial.WeighReader - Failed to open serial port on attempt #18
2026-01-29 18:04:10.638 [WeighReader-Thread] DEBUG com.hcs.weighbridge.serial.WeighReader - Attempting to open serial port (attempt #19)
2026-01-29 18:04:10.638 [WeighReader-Thread] WARN  com.hcs.weighbridge.serial.WeighReader - Failed to open serial port on attempt #19
2026-01-29 18:04:12.639 [WeighReader-Thread] DEBUG com.hcs.weighbridge.serial.WeighReader - Attempting to open serial port (attempt #20)
2026-01-29 18:04:12.639 [WeighReader-Thread] WARN  com.hcs.weighbridge.serial.WeighReader - Failed to open serial port on attempt #20
2026-01-29 18:04:14.639 [WeighReader-Thread] DEBUG com.hcs.weighbridge.serial.WeighReader - Attempting to open serial port (attempt #21)
2026-01-29 18:04:14.639 [WeighReader-Thread] WARN  com.hcs.weighbridge.serial.WeighReader - Failed to open serial port on attempt #21
2026-01-29 18:04:16.640 [WeighReader-Thread] DEBUG com.hcs.weighbridge.serial.WeighReader - Attempting to open serial port (attempt #22)
2026-01-29 18:04:16.640 [WeighReader-Thread] WARN  com.hcs.weighbridge.serial.WeighReader - Failed to open serial port on attempt #22
2026-01-29 18:04:18.641 [WeighReader-Thread] DEBUG com.hcs.weighbridge.serial.WeighReader - Attempting to open serial port (attempt #23)
2026-01-29 18:04:18.641 [WeighReader-Thread] WARN  com.hcs.weighbridge.serial.WeighReader - Failed to open serial port on attempt #23
2026-01-29 18:04:20.642 [WeighReader-Thread] DEBUG com.hcs.weighbridge.serial.WeighReader - Attempting to open serial port (attempt #24)
2026-01-29 18:04:20.642 [WeighReader-Thread] WARN  com.hcs.weighbridge.serial.WeighReader - Failed to open serial port on attempt #24
2026-01-29 18:04:22.643 [WeighReader-Thread] DEBUG com.hcs.weighbridge.serial.WeighReader - Attempting to open serial port (attempt #25)
2026-01-29 18:04:22.644 [WeighReader-Thread] WARN  com.hcs.weighbridge.serial.WeighReader - Failed to open serial port on attempt #25
2026-01-29 18:04:24.644 [WeighReader-Thread] DEBUG com.hcs.weighbridge.serial.WeighReader - Attempting to open serial port (attempt #26)
2026-01-29 18:04:24.644 [WeighReader-Thread] WARN  com.hcs.weighbridge.serial.WeighReader - Failed to open serial port on attempt #26
2026-01-29 18:04:26.645 [WeighReader-Thread] DEBUG com.hcs.weighbridge.serial.WeighReader - Attempting to open serial port (attempt #27)
2026-01-29 18:04:26.645 [WeighReader-Thread] WARN  com.hcs.weighbridge.serial.WeighReader - Failed to open serial port on attempt #27
2026-01-29 18:04:28.646 [WeighReader-Thread] DEBUG com.hcs.weighbridge.serial.WeighReader - Attempting to open serial port (attempt #28)
2026-01-29 18:04:28.646 [WeighReader-Thread] WARN  com.hcs.weighbridge.serial.WeighReader - Failed to open serial port on attempt #28
2026-01-29 18:04:30.646 [WeighReader-Thread] DEBUG com.hcs.weighbridge.serial.WeighReader - Attempting to open serial port (attempt #29)
2026-01-29 18:04:30.646 [WeighReader-Thread] WARN  com.hcs.weighbridge.serial.WeighReader - Failed to open serial port on attempt #29
2026-01-29 18:04:32.647 [WeighReader-Thread] DEBUG com.hcs.weighbridge.serial.WeighReader - Attempting to open serial port (attempt #30)
2026-01-29 18:04:32.647 [WeighReader-Thread] WARN  com.hcs.weighbridge.serial.WeighReader - Failed to open serial port on attempt #30
2026-01-29 18:04:34.648 [WeighReader-Thread] DEBUG com.hcs.weighbridge.serial.WeighReader - Attempting to open serial port (attempt #31)
2026-01-29 18:04:34.648 [WeighReader-Thread] WARN  com.hcs.weighbridge.serial.WeighReader - Failed to open serial port on attempt #31
2026-01-29 18:04:36.648 [WeighReader-Thread] DEBUG com.hcs.weighbridge.serial.WeighReader - Attempting to open serial port (attempt #32)
2026-01-29 18:04:36.648 [WeighReader-Thread] WARN  com.hcs.weighbridge.serial.WeighReader - Failed to open serial port on attempt #32
2026-01-29 18:04:38.648 [WeighReader-Thread] DEBUG com.hcs.weighbridge.serial.WeighReader - Attempting to open serial port (attempt #33)
2026-01-29 18:04:38.648 [WeighReader-Thread] WARN  com.hcs.weighbridge.serial.WeighReader - Failed to open serial port on attempt #33
2026-01-29 18:04:40.649 [WeighReader-Thread] DEBUG com.hcs.weighbridge.serial.WeighReader - Attempting to open serial port (attempt #34)
2026-01-29 18:04:40.649 [WeighReader-Thread] WARN  com.hcs.weighbridge.serial.WeighReader - Failed to open serial port on attempt #34
2026-01-29 18:04:42.649 [WeighReader-Thread] DEBUG com.hcs.weighbridge.serial.WeighReader - Attempting to open serial port (attempt #35)
2026-01-29 18:04:42.649 [WeighReader-Thread] WARN  com.hcs.weighbridge.serial.WeighReader - Failed to open serial port on attempt #35
2026-01-29 18:04:44.650 [WeighReader-Thread] DEBUG com.hcs.weighbridge.serial.WeighReader - Attempting to open serial port (attempt #36)
2026-01-29 18:04:44.650 [WeighReader-Thread] WARN  com.hcs.weighbridge.serial.WeighReader - Failed to open serial port on attempt #36
2026-01-29 18:04:46.650 [WeighReader-Thread] DEBUG com.hcs.weighbridge.serial.WeighReader - Attempting to open serial port (attempt #37)
2026-01-29 18:04:46.650 [WeighReader-Thread] WARN  com.hcs.weighbridge.serial.WeighReader - Failed to open serial port on attempt #37
2026-01-29 18:04:48.650 [WeighReader-Thread] DEBUG com.hcs.weighbridge.serial.WeighReader - Attempting to open serial port (attempt #38)
2026-01-29 18:04:48.650 [WeighReader-Thread] WARN  com.hcs.weighbridge.serial.WeighReader - Failed to open serial port on attempt #38
2026-01-29 18:04:50.651 [WeighReader-Thread] DEBUG com.hcs.weighbridge.serial.WeighReader - Attempting to open serial port (attempt #39)
2026-01-29 18:04:50.651 [WeighReader-Thread] WARN  com.hcs.weighbridge.serial.WeighReader - Failed to open serial port on attempt #39
2026-01-29 18:04:52.651 [WeighReader-Thread] DEBUG com.hcs.weighbridge.serial.WeighReader - Attempting to open serial port (attempt #40)
2026-01-29 18:04:52.651 [WeighReader-Thread] WARN  com.hcs.weighbridge.serial.WeighReader - Failed to open serial port on attempt #40
2026-01-29 18:04:54.652 [WeighReader-Thread] DEBUG com.hcs.weighbridge.serial.WeighReader - Attempting to open serial port (attempt #41)
2026-01-29 18:04:54.652 [WeighReader-Thread] WARN  com.hcs.weighbridge.serial.WeighReader - Failed to open serial port on attempt #41
2026-01-29 18:04:56.652 [WeighReader-Thread] DEBUG com.hcs.weighbridge.serial.WeighReader - Attempting to open serial port (attempt #42)
2026-01-29 18:04:56.652 [WeighReader-Thread] WARN  com.hcs.weighbridge.serial.WeighReader - Failed to open serial port on attempt #42
2026-01-29 18:04:58.653 [WeighReader-Thread] DEBUG com.hcs.weighbridge.serial.WeighReader - Attempting to open serial port (attempt #43)
2026-01-29 18:04:58.653 [WeighReader-Thread] WARN  com.hcs.weighbridge.serial.WeighReader - Failed to open serial port on attempt #43
2026-01-29 18:05:00.653 [WeighReader-Thread] DEBUG com.hcs.weighbridge.serial.WeighReader - Attempting to open serial port (attempt #44)
2026-01-29 18:05:00.653 [WeighReader-Thread] WARN  com.hcs.weighbridge.serial.WeighReader - Failed to open serial port on attempt #44
2026-01-29 18:05:02.654 [WeighReader-Thread] DEBUG com.hcs.weighbridge.serial.WeighReader - Attempting to open serial port (attempt #45)
2026-01-29 18:05:02.654 [WeighReader-Thread] WARN  com.hcs.weighbridge.serial.WeighReader - Failed to open serial port on attempt #45
2026-01-29 18:05:04.655 [WeighReader-Thread] DEBUG com.hcs.weighbridge.serial.WeighReader - Attempting to open serial port (attempt #46)
2026-01-29 18:05:04.655 [WeighReader-Thread] WARN  com.hcs.weighbridge.serial.WeighReader - Failed to open serial port on attempt #46
2026-01-29 18:05:06.655 [WeighReader-Thread] DEBUG com.hcs.weighbridge.serial.WeighReader - Attempting to open serial port (attempt #47)
2026-01-29 18:05:06.655 [WeighReader-Thread] WARN  com.hcs.weighbridge.serial.WeighReader - Failed to open serial port on attempt #47
2026-01-29 18:05:08.656 [WeighReader-Thread] DEBUG com.hcs.weighbridge.serial.WeighReader - Attempting to open serial port (attempt #48)
2026-01-29 18:05:08.656 [WeighReader-Thread] WARN  com.hcs.weighbridge.serial.WeighReader - Failed to open serial port on attempt #48
2026-01-29 18:05:10.656 [WeighReader-Thread] DEBUG com.hcs.weighbridge.serial.WeighReader - Attempting to open serial port (attempt #49)
2026-01-29 18:05:10.656 [WeighReader-Thread] WARN  com.hcs.weighbridge.serial.WeighReader - Failed to open serial port on attempt #49
2026-01-29 18:05:12.657 [WeighReader-Thread] DEBUG com.hcs.weighbridge.serial.WeighReader - Attempting to open serial port (attempt #50)
2026-01-29 18:05:12.657 [WeighReader-Thread] WARN  com.hcs.weighbridge.serial.WeighReader - Failed to open serial port on attempt #50
2026-01-29 18:05:14.657 [WeighReader-Thread] DEBUG com.hcs.weighbridge.serial.WeighReader - Attempting to open serial port (attempt #51)
2026-01-29 18:05:14.657 [WeighReader-Thread] WARN  com.hcs.weighbridge.serial.WeighReader - Failed to open serial port on attempt #51
2026-01-29 18:05:16.657 [WeighReader-Thread] DEBUG com.hcs.weighbridge.serial.WeighReader - Attempting to open serial port (attempt #52)
2026-01-29 18:05:16.657 [WeighReader-Thread] WARN  com.hcs.weighbridge.serial.WeighReader - Failed to open serial port on attempt #52
2026-01-29 18:05:18.658 [WeighReader-Thread] DEBUG com.hcs.weighbridge.serial.WeighReader - Attempting to open serial port (attempt #53)
2026-01-29 18:05:18.658 [WeighReader-Thread] WARN  com.hcs.weighbridge.serial.WeighReader - Failed to open serial port on attempt #53
2026-01-29 18:05:20.658 [WeighReader-Thread] DEBUG com.hcs.weighbridge.serial.WeighReader - Attempting to open serial port (attempt #54)
2026-01-29 18:05:20.658 [WeighReader-Thread] WARN  com.hcs.weighbridge.serial.WeighReader - Failed to open serial port on attempt #54
2026-01-29 18:05:22.658 [WeighReader-Thread] DEBUG com.hcs.weighbridge.serial.WeighReader - Attempting to open serial port (attempt #55)
2026-01-29 18:05:22.658 [WeighReader-Thread] WARN  com.hcs.weighbridge.serial.WeighReader - Failed to open serial port on attempt #55
2026-01-29 18:05:24.659 [WeighReader-Thread] DEBUG com.hcs.weighbridge.serial.WeighReader - Attempting to open serial port (attempt #56)
2026-01-29 18:05:24.659 [WeighReader-Thread] WARN  com.hcs.weighbridge.serial.WeighReader - Failed to open serial port on attempt #56
2026-01-29 18:05:26.659 [WeighReader-Thread] DEBUG com.hcs.weighbridge.serial.WeighReader - Attempting to open serial port (attempt #57)
2026-01-29 18:05:26.659 [WeighReader-Thread] WARN  com.hcs.weighbridge.serial.WeighReader - Failed to open serial port on attempt #57
2026-01-29 18:05:28.660 [WeighReader-Thread] DEBUG com.hcs.weighbridge.serial.WeighReader - Attempting to open serial port (attempt #58)
2026-01-29 18:05:28.660 [WeighReader-Thread] WARN  com.hcs.weighbridge.serial.WeighReader - Failed to open serial port on attempt #58
2026-01-29 18:05:30.661 [WeighReader-Thread] DEBUG com.hcs.weighbridge.serial.WeighReader - Attempting to open serial port (attempt #59)
2026-01-29 18:05:30.661 [WeighReader-Thread] WARN  com.hcs.weighbridge.serial.WeighReader - Failed to open serial port on attempt #59
2026-01-29 18:05:32.661 [WeighReader-Thread] DEBUG com.hcs.weighbridge.serial.WeighReader - Attempting to open serial port (attempt #60)
2026-01-29 18:05:32.661 [WeighReader-Thread] WARN  com.hcs.weighbridge.serial.WeighReader - Failed to open serial port on attempt #60
2026-01-29 18:05:34.661 [WeighReader-Thread] DEBUG com.hcs.weighbridge.serial.WeighReader - Attempting to open serial port (attempt #61)
2026-01-29 18:05:34.661 [WeighReader-Thread] WARN  com.hcs.weighbridge.serial.WeighReader - Failed to open serial port on attempt #61
2026-01-29 18:05:36.662 [WeighReader-Thread] DEBUG com.hcs.weighbridge.serial.WeighReader - Attempting to open serial port (attempt #62)
2026-01-29 18:05:36.662 [WeighReader-Thread] WARN  com.hcs.weighbridge.serial.WeighReader - Failed to open serial port on attempt #62
2026-01-29 18:05:38.662 [WeighReader-Thread] DEBUG com.hcs.weighbridge.serial.WeighReader - Attempting to open serial port (attempt #63)
2026-01-29 18:05:38.662 [WeighReader-Thread] WARN  com.hcs.weighbridge.serial.WeighReader - Failed to open serial port on attempt #63
2026-01-29 18:05:40.663 [WeighReader-Thread] DEBUG com.hcs.weighbridge.serial.WeighReader - Attempting to open serial port (attempt #64)
2026-01-29 18:05:40.663 [WeighReader-Thread] WARN  com.hcs.weighbridge.serial.WeighReader - Failed to open serial port on attempt #64
2026-01-29 18:05:42.663 [WeighReader-Thread] DEBUG com.hcs.weighbridge.serial.WeighReader - Attempting to open serial port (attempt #65)
2026-01-29 18:05:42.663 [WeighReader-Thread] WARN  com.hcs.weighbridge.serial.WeighReader - Failed to open serial port on attempt #65
2026-01-29 18:05:44.663 [WeighReader-Thread] DEBUG com.hcs.weighbridge.serial.WeighReader - Attempting to open serial port (attempt #66)
2026-01-29 18:05:44.663 [WeighReader-Thread] WARN  com.hcs.weighbridge.serial.WeighReader - Failed to open serial port on attempt #66
2026-01-29 18:05:46.664 [WeighReader-Thread] DEBUG com.hcs.weighbridge.serial.WeighReader - Attempting to open serial port (attempt #67)
2026-01-29 18:05:46.664 [WeighReader-Thread] WARN  com.hcs.weighbridge.serial.WeighReader - Failed to open serial port on attempt #67
2026-01-29 18:05:48.664 [WeighReader-Thread] DEBUG com.hcs.weighbridge.serial.WeighReader - Attempting to open serial port (attempt #68)
2026-01-29 18:05:48.664 [WeighReader-Thread] WARN  com.hcs.weighbridge.serial.WeighReader - Failed to open serial port on attempt #68
2026-01-29 18:05:50.665 [WeighReader-Thread] DEBUG com.hcs.weighbridge.serial.WeighReader - Attempting to open serial port (attempt #69)
2026-01-29 18:05:50.665 [WeighReader-Thread] WARN  com.hcs.weighbridge.serial.WeighReader - Failed to open serial port on attempt #69
2026-01-29 18:05:52.665 [WeighReader-Thread] DEBUG com.hcs.weighbridge.serial.WeighReader - Attempting to open serial port (attempt #70)
2026-01-29 18:05:52.665 [WeighReader-Thread] WARN  com.hcs.weighbridge.serial.WeighReader - Failed to open serial port on attempt #70
2026-01-29 18:05:54.665 [WeighReader-Thread] DEBUG com.hcs.weighbridge.serial.WeighReader - Attempting to open serial port (attempt #71)
2026-01-29 18:05:54.665 [WeighReader-Thread] WARN  com.hcs.weighbridge.serial.WeighReader - Failed to open serial port on attempt #71
2026-01-29 18:05:56.665 [WeighReader-Thread] DEBUG com.hcs.weighbridge.serial.WeighReader - Attempting to open serial port (attempt #72)
2026-01-29 18:05:56.665 [WeighReader-Thread] WARN  com.hcs.weighbridge.serial.WeighReader - Failed to open serial port on attempt #72
2026-01-29 18:05:58.666 [WeighReader-Thread] DEBUG com.hcs.weighbridge.serial.WeighReader - Attempting to open serial port (attempt #73)
2026-01-29 18:05:58.666 [WeighReader-Thread] WARN  com.hcs.weighbridge.serial.WeighReader - Failed to open serial port on attempt #73
2026-01-29 18:06:00.666 [WeighReader-Thread] DEBUG com.hcs.weighbridge.serial.WeighReader - Attempting to open serial port (attempt #74)
2026-01-29 18:06:00.666 [WeighReader-Thread] WARN  com.hcs.weighbridge.serial.WeighReader - Failed to open serial port on attempt #74
2026-01-29 18:06:02.667 [WeighReader-Thread] DEBUG com.hcs.weighbridge.serial.WeighReader - Attempting to open serial port (attempt #75)
2026-01-29 18:06:02.667 [WeighReader-Thread] WARN  com.hcs.weighbridge.serial.WeighReader - Failed to open serial port on attempt #75
2026-01-29 18:06:04.667 [WeighReader-Thread] DEBUG com.hcs.weighbridge.serial.WeighReader - Attempting to open serial port (attempt #76)
2026-01-29 18:06:04.667 [WeighReader-Thread] WARN  com.hcs.weighbridge.serial.WeighReader - Failed to open serial port on attempt #76
2026-01-29 18:06:06.668 [WeighReader-Thread] DEBUG com.hcs.weighbridge.serial.WeighReader - Attempting to open serial port (attempt #77)
2026-01-29 18:06:06.668 [WeighReader-Thread] WARN  com.hcs.weighbridge.serial.WeighReader - Failed to open serial port on attempt #77
2026-01-29 18:06:08.668 [WeighReader-Thread] DEBUG com.hcs.weighbridge.serial.WeighReader - Attempting to open serial port (attempt #78)
2026-01-29 18:06:08.668 [WeighReader-Thread] WARN  com.hcs.weighbridge.serial.WeighReader - Failed to open serial port on attempt #78
2026-01-29 18:06:10.669 [WeighReader-Thread] DEBUG com.hcs.weighbridge.serial.WeighReader - Attempting to open serial port (attempt #79)
2026-01-29 18:06:10.669 [WeighReader-Thread] WARN  com.hcs.weighbridge.serial.WeighReader - Failed to open serial port on attempt #79
2026-01-29 18:06:12.669 [WeighReader-Thread] DEBUG com.hcs.weighbridge.serial.WeighReader - Attempting to open serial port (attempt #80)
2026-01-29 18:06:12.669 [WeighReader-Thread] WARN  com.hcs.weighbridge.serial.WeighReader - Failed to open serial port on attempt #80
2026-01-29 18:06:14.670 [WeighReader-Thread] DEBUG com.hcs.weighbridge.serial.WeighReader - Attempting to open serial port (attempt #81)
2026-01-29 18:06:14.670 [WeighReader-Thread] WARN  com.hcs.weighbridge.serial.WeighReader - Failed to open serial port on attempt #81
2026-01-29 18:06:16.670 [WeighReader-Thread] DEBUG com.hcs.weighbridge.serial.WeighReader - Attempting to open serial port (attempt #82)
2026-01-29 18:06:16.670 [WeighReader-Thread] WARN  com.hcs.weighbridge.serial.WeighReader - Failed to open serial port on attempt #82
2026-01-29 18:06:18.670 [WeighReader-Thread] DEBUG com.hcs.weighbridge.serial.WeighReader - Attempting to open serial port (attempt #83)
2026-01-29 18:06:18.670 [WeighReader-Thread] WARN  com.hcs.weighbridge.serial.WeighReader - Failed to open serial port on attempt #83
2026-01-29 18:06:20.671 [WeighReader-Thread] DEBUG com.hcs.weighbridge.serial.WeighReader - Attempting to open serial port (attempt #84)
2026-01-29 18:06:20.671 [WeighReader-Thread] WARN  com.hcs.weighbridge.serial.WeighReader - Failed to open serial port on attempt #84
2026-01-29 18:06:22.671 [WeighReader-Thread] DEBUG com.hcs.weighbridge.serial.WeighReader - Attempting to open serial port (attempt #85)
2026-01-29 18:06:22.671 [WeighReader-Thread] WARN  com.hcs.weighbridge.serial.WeighReader - Failed to open serial port on attempt #85
2026-01-29 18:06:24.672 [WeighReader-Thread] DEBUG com.hcs.weighbridge.serial.WeighReader - Attempting to open serial port (attempt #86)
2026-01-29 18:06:24.672 [WeighReader-Thread] WARN  com.hcs.weighbridge.serial.WeighReader - Failed to open serial port on attempt #86
2026-01-29 18:06:26.673 [WeighReader-Thread] DEBUG com.hcs.weighbridge.serial.WeighReader - Attempting to open serial port (attempt #87)
2026-01-29 18:06:26.673 [WeighReader-Thread] WARN  com.hcs.weighbridge.serial.WeighReader - Failed to open serial port on attempt #87
2026-01-29 18:06:28.673 [WeighReader-Thread] DEBUG com.hcs.weighbridge.serial.WeighReader - Attempting to open serial port (attempt #88)
2026-01-29 18:06:28.673 [WeighReader-Thread] WARN  com.hcs.weighbridge.serial.WeighReader - Failed to open serial port on attempt #88
2026-01-29 18:06:30.674 [WeighReader-Thread] DEBUG com.hcs.weighbridge.serial.WeighReader - Attempting to open serial port (attempt #89)
2026-01-29 18:06:30.674 [WeighReader-Thread] WARN  com.hcs.weighbridge.serial.WeighReader - Failed to open serial port on attempt #89
2026-01-29 18:06:32.674 [WeighReader-Thread] DEBUG com.hcs.weighbridge.serial.WeighReader - Attempting to open serial port (attempt #90)
2026-01-29 18:06:32.674 [WeighReader-Thread] WARN  com.hcs.weighbridge.serial.WeighReader - Failed to open serial port on attempt #90
2026-01-29 18:06:34.674 [WeighReader-Thread] DEBUG com.hcs.weighbridge.serial.WeighReader - Attempting to open serial port (attempt #91)
2026-01-29 18:06:34.674 [WeighReader-Thread] WARN  com.hcs.weighbridge.serial.WeighReader - Failed to open serial port on attempt #91
2026-01-29 18:06:36.675 [WeighReader-Thread] DEBUG com.hcs.weighbridge.serial.WeighReader - Attempting to open serial port (attempt #92)
2026-01-29 18:06:36.675 [WeighReader-Thread] WARN  com.hcs.weighbridge.serial.WeighReader - Failed to open serial port on attempt #92
2026-01-29 18:06:38.675 [WeighReader-Thread] DEBUG com.hcs.weighbridge.serial.WeighReader - Attempting to open serial port (attempt #93)
2026-01-29 18:06:38.675 [WeighReader-Thread] WARN  com.hcs.weighbridge.serial.WeighReader - Failed to open serial port on attempt #93
2026-01-29 18:06:40.675 [WeighReader-Thread] DEBUG com.hcs.weighbridge.serial.WeighReader - Attempting to open serial port (attempt #94)
2026-01-29 18:06:40.675 [WeighReader-Thread] WARN  com.hcs.weighbridge.serial.WeighReader - Failed to open serial port on attempt #94
2026-01-29 18:06:42.675 [WeighReader-Thread] DEBUG com.hcs.weighbridge.serial.WeighReader - Attempting to open serial port (attempt #95)
2026-01-29 18:06:42.675 [WeighReader-Thread] WARN  com.hcs.weighbridge.serial.WeighReader - Failed to open serial port on attempt #95
2026-01-29 18:06:44.676 [WeighReader-Thread] DEBUG com.hcs.weighbridge.serial.WeighReader - Attempting to open serial port (attempt #96)
2026-01-29 18:06:44.676 [WeighReader-Thread] WARN  com.hcs.weighbridge.serial.WeighReader - Failed to open serial port on attempt #96
2026-01-29 18:06:46.676 [WeighReader-Thread] DEBUG com.hcs.weighbridge.serial.WeighReader - Attempting to open serial port (attempt #97)
2026-01-29 18:06:46.676 [WeighReader-Thread] WARN  com.hcs.weighbridge.serial.WeighReader - Failed to open serial port on attempt #97
2026-01-29 18:06:48.676 [WeighReader-Thread] DEBUG com.hcs.weighbridge.serial.WeighReader - Attempting to open serial port (attempt #98)
2026-01-29 18:06:48.676 [WeighReader-Thread] WARN  com.hcs.weighbridge.serial.WeighReader - Failed to open serial port on attempt #98
2026-01-29 18:06:50.677 [WeighReader-Thread] DEBUG com.hcs.weighbridge.serial.WeighReader - Attempting to open serial port (attempt #99)
2026-01-29 18:06:50.677 [WeighReader-Thread] WARN  com.hcs.weighbridge.serial.WeighReader - Failed to open serial port on attempt #99
2026-01-29 18:06:52.677 [WeighReader-Thread] DEBUG com.hcs.weighbridge.serial.WeighReader - Attempting to open serial port (attempt #100)
2026-01-29 18:06:52.677 [WeighReader-Thread] WARN  com.hcs.weighbridge.serial.WeighReader - Failed to open serial port on attempt #100
2026-01-29 18:06:54.678 [WeighReader-Thread] DEBUG com.hcs.weighbridge.serial.WeighReader - Attempting to open serial port (attempt #101)
2026-01-29 18:06:54.678 [WeighReader-Thread] WARN  com.hcs.weighbridge.serial.WeighReader - Failed to open serial port on attempt #101
2026-01-29 18:06:56.679 [WeighReader-Thread] DEBUG com.hcs.weighbridge.serial.WeighReader - Attempting to open serial port (attempt #102)
2026-01-29 18:06:56.679 [WeighReader-Thread] WARN  com.hcs.weighbridge.serial.WeighReader - Failed to open serial port on attempt #102
2026-01-29 18:06:58.679 [WeighReader-Thread] DEBUG com.hcs.weighbridge.serial.WeighReader - Attempting to open serial port (attempt #103)
2026-01-29 18:06:58.679 [WeighReader-Thread] WARN  com.hcs.weighbridge.serial.WeighReader - Failed to open serial port on attempt #103
2026-01-29 18:07:00.680 [WeighReader-Thread] DEBUG com.hcs.weighbridge.serial.WeighReader - Attempting to open serial port (attempt #104)
2026-01-29 18:07:00.680 [WeighReader-Thread] WARN  com.hcs.weighbridge.serial.WeighReader - Failed to open serial port on attempt #104
2026-01-29 18:07:02.680 [WeighReader-Thread] DEBUG com.hcs.weighbridge.serial.WeighReader - Attempting to open serial port (attempt #105)
2026-01-29 18:07:02.680 [WeighReader-Thread] WARN  com.hcs.weighbridge.serial.WeighReader - Failed to open serial port on attempt #105
2026-01-29 18:07:04.680 [WeighReader-Thread] DEBUG com.hcs.weighbridge.serial.WeighReader - Attempting to open serial port (attempt #106)
2026-01-29 18:07:04.680 [WeighReader-Thread] WARN  com.hcs.weighbridge.serial.WeighReader - Failed to open serial port on attempt #106
2026-01-29 18:07:06.680 [WeighReader-Thread] DEBUG com.hcs.weighbridge.serial.WeighReader - Attempting to open serial port (attempt #107)
2026-01-29 18:07:06.680 [WeighReader-Thread] WARN  com.hcs.weighbridge.serial.WeighReader - Failed to open serial port on attempt #107
2026-01-29 18:07:08.681 [WeighReader-Thread] DEBUG com.hcs.weighbridge.serial.WeighReader - Attempting to open serial port (attempt #108)
2026-01-29 18:07:08.681 [WeighReader-Thread] WARN  com.hcs.weighbridge.serial.WeighReader - Failed to open serial port on attempt #108
2026-01-29 18:07:10.681 [WeighReader-Thread] DEBUG com.hcs.weighbridge.serial.WeighReader - Attempting to open serial port (attempt #109)
2026-01-29 18:07:10.681 [WeighReader-Thread] WARN  com.hcs.weighbridge.serial.WeighReader - Failed to open serial port on attempt #109
2026-01-29 18:07:12.682 [WeighReader-Thread] DEBUG com.hcs.weighbridge.serial.WeighReader - Attempting to open serial port (attempt #110)
2026-01-29 18:07:12.682 [WeighReader-Thread] WARN  com.hcs.weighbridge.serial.WeighReader - Failed to open serial port on attempt #110
2026-01-29 18:07:14.682 [WeighReader-Thread] DEBUG com.hcs.weighbridge.serial.WeighReader - Attempting to open serial port (attempt #111)
2026-01-29 18:07:14.682 [WeighReader-Thread] WARN  com.hcs.weighbridge.serial.WeighReader - Failed to open serial port on attempt #111
2026-01-29 18:07:16.683 [WeighReader-Thread] DEBUG com.hcs.weighbridge.serial.WeighReader - Attempting to open serial port (attempt #112)
2026-01-29 18:07:16.683 [WeighReader-Thread] WARN  com.hcs.weighbridge.serial.WeighReader - Failed to open serial port on attempt #112
2026-01-29 18:07:18.683 [WeighReader-Thread] DEBUG com.hcs.weighbridge.serial.WeighReader - Attempting to open serial port (attempt #113)
2026-01-29 18:07:18.683 [WeighReader-Thread] WARN  com.hcs.weighbridge.serial.WeighReader - Failed to open serial port on attempt #113
2026-01-29 18:07:20.683 [WeighReader-Thread] DEBUG com.hcs.weighbridge.serial.WeighReader - Attempting to open serial port (attempt #114)
2026-01-29 18:07:20.683 [WeighReader-Thread] WARN  com.hcs.weighbridge.serial.WeighReader - Failed to open serial port on attempt #114
2026-01-29 18:07:22.684 [WeighReader-Thread] DEBUG com.hcs.weighbridge.serial.WeighReader - Attempting to open serial port (attempt #115)
2026-01-29 18:07:22.684 [WeighReader-Thread] WARN  com.hcs.weighbridge.serial.WeighReader - Failed to open serial port on attempt #115
2026-01-29 18:07:24.685 [WeighReader-Thread] DEBUG com.hcs.weighbridge.serial.WeighReader - Attempting to open serial port (attempt #116)
2026-01-29 18:07:24.685 [WeighReader-Thread] WARN  com.hcs.weighbridge.serial.WeighReader - Failed to open serial port on attempt #116
2026-01-29 18:07:26.685 [WeighReader-Thread] DEBUG com.hcs.weighbridge.serial.WeighReader - Attempting to open serial port (attempt #117)
2026-01-29 18:07:26.685 [WeighReader-Thread] WARN  com.hcs.weighbridge.serial.WeighReader - Failed to open serial port on attempt #117
2026-01-29 18:07:28.685 [WeighReader-Thread] DEBUG com.hcs.weighbridge.serial.WeighReader - Attempting to open serial port (attempt #118)
2026-01-29 18:07:28.685 [WeighReader-Thread] WARN  com.hcs.weighbridge.serial.WeighReader - Failed to open serial port on attempt #118
2026-01-29 18:07:30.685 [WeighReader-Thread] DEBUG com.hcs.weighbridge.serial.WeighReader - Attempting to open serial port (attempt #119)
2026-01-29 18:07:30.685 [WeighReader-Thread] WARN  com.hcs.weighbridge.serial.WeighReader - Failed to open serial port on attempt #119
2026-01-29 18:07:32.685 [WeighReader-Thread] DEBUG com.hcs.weighbridge.serial.WeighReader - Attempting to open serial port (attempt #120)
2026-01-29 18:07:32.685 [WeighReader-Thread] WARN  com.hcs.weighbridge.serial.WeighReader - Failed to open serial port on attempt #120
2026-01-29 18:07:34.686 [WeighReader-Thread] DEBUG com.hcs.weighbridge.serial.WeighReader - Attempting to open serial port (attempt #121)
2026-01-29 18:07:34.686 [WeighReader-Thread] WARN  com.hcs.weighbridge.serial.WeighReader - Failed to open serial port on attempt #121
2026-01-29 18:07:36.686 [WeighReader-Thread] DEBUG com.hcs.weighbridge.serial.WeighReader - Attempting to open serial port (attempt #122)
2026-01-29 18:07:36.686 [WeighReader-Thread] WARN  com.hcs.weighbridge.serial.WeighReader - Failed to open serial port on attempt #122
2026-01-29 18:07:38.687 [WeighReader-Thread] DEBUG com.hcs.weighbridge.serial.WeighReader - Attempting to open serial port (attempt #123)
2026-01-29 18:07:38.687 [WeighReader-Thread] WARN  com.hcs.weighbridge.serial.WeighReader - Failed to open serial port on attempt #123
2026-01-29 18:07:40.687 [WeighReader-Thread] DEBUG com.hcs.weighbridge.serial.WeighReader - Attempting to open serial port (attempt #124)
2026-01-29 18:07:40.687 [WeighReader-Thread] WARN  com.hcs.weighbridge.serial.WeighReader - Failed to open serial port on attempt #124
2026-01-29 18:07:42.687 [WeighReader-Thread] DEBUG com.hcs.weighbridge.serial.WeighReader - Attempting to open serial port (attempt #125)
2026-01-29 18:07:42.687 [WeighReader-Thread] WARN  com.hcs.weighbridge.serial.WeighReader - Failed to open serial port on attempt #125
2026-01-29 18:07:44.688 [WeighReader-Thread] DEBUG com.hcs.weighbridge.serial.WeighReader - Attempting to open serial port (attempt #126)
2026-01-29 18:07:44.688 [WeighReader-Thread] WARN  com.hcs.weighbridge.serial.WeighReader - Failed to open serial port on attempt #126
2026-01-29 18:07:46.689 [WeighReader-Thread] DEBUG com.hcs.weighbridge.serial.WeighReader - Attempting to open serial port (attempt #127)
2026-01-29 18:07:46.689 [WeighReader-Thread] WARN  com.hcs.weighbridge.serial.WeighReader - Failed to open serial port on attempt #127
2026-01-29 18:07:48.690 [WeighReader-Thread] DEBUG com.hcs.weighbridge.serial.WeighReader - Attempting to open serial port (attempt #128)
2026-01-29 18:07:48.690 [WeighReader-Thread] WARN  com.hcs.weighbridge.serial.WeighReader - Failed to open serial port on attempt #128
2026-01-29 18:07:50.690 [WeighReader-Thread] DEBUG com.hcs.weighbridge.serial.WeighReader - Attempting to open serial port (attempt #129)
2026-01-29 18:07:50.690 [WeighReader-Thread] WARN  com.hcs.weighbridge.serial.WeighReader - Failed to open serial port on attempt #129
2026-01-29 18:07:52.690 [WeighReader-Thread] DEBUG com.hcs.weighbridge.serial.WeighReader - Attempting to open serial port (attempt #130)
2026-01-29 18:07:52.690 [WeighReader-Thread] WARN  com.hcs.weighbridge.serial.WeighReader - Failed to open serial port on attempt #130
2026-01-29 18:07:54.691 [WeighReader-Thread] DEBUG com.hcs.weighbridge.serial.WeighReader - Attempting to open serial port (attempt #131)
2026-01-29 18:07:54.691 [WeighReader-Thread] WARN  com.hcs.weighbridge.serial.WeighReader - Failed to open serial port on attempt #131
2026-01-29 18:07:56.692 [WeighReader-Thread] DEBUG com.hcs.weighbridge.serial.WeighReader - Attempting to open serial port (attempt #132)
2026-01-29 18:07:56.692 [WeighReader-Thread] WARN  com.hcs.weighbridge.serial.WeighReader - Failed to open serial port on attempt #132
2026-01-29 18:07:58.692 [WeighReader-Thread] DEBUG com.hcs.weighbridge.serial.WeighReader - Attempting to open serial port (attempt #133)
2026-01-29 18:07:58.692 [WeighReader-Thread] WARN  com.hcs.weighbridge.serial.WeighReader - Failed to open serial port on attempt #133
2026-01-29 18:08:00.693 [WeighReader-Thread] DEBUG com.hcs.weighbridge.serial.WeighReader - Attempting to open serial port (attempt #134)
2026-01-29 18:08:00.693 [WeighReader-Thread] WARN  com.hcs.weighbridge.serial.WeighReader - Failed to open serial port on attempt #134
2026-01-29 18:08:02.693 [WeighReader-Thread] DEBUG com.hcs.weighbridge.serial.WeighReader - Attempting to open serial port (attempt #135)
2026-01-29 18:08:02.693 [WeighReader-Thread] WARN  com.hcs.weighbridge.serial.WeighReader - Failed to open serial port on attempt #135
2026-01-29 18:08:04.694 [WeighReader-Thread] DEBUG com.hcs.weighbridge.serial.WeighReader - Attempting to open serial port (attempt #136)
2026-01-29 18:08:04.694 [WeighReader-Thread] WARN  com.hcs.weighbridge.serial.WeighReader - Failed to open serial port on attempt #136
2026-01-29 18:08:06.694 [WeighReader-Thread] DEBUG com.hcs.weighbridge.serial.WeighReader - Attempting to open serial port (attempt #137)
2026-01-29 18:08:06.694 [WeighReader-Thread] WARN  com.hcs.weighbridge.serial.WeighReader - Failed to open serial port on attempt #137
2026-01-29 18:08:08.695 [WeighReader-Thread] DEBUG com.hcs.weighbridge.serial.WeighReader - Attempting to open serial port (attempt #138)
2026-01-29 18:08:08.695 [WeighReader-Thread] WARN  com.hcs.weighbridge.serial.WeighReader - Failed to open serial port on attempt #138
2026-01-29 18:08:10.695 [WeighReader-Thread] DEBUG com.hcs.weighbridge.serial.WeighReader - Attempting to open serial port (attempt #139)
2026-01-29 18:08:10.695 [WeighReader-Thread] WARN  com.hcs.weighbridge.serial.WeighReader - Failed to open serial port on attempt #139
2026-01-29 18:08:12.695 [WeighReader-Thread] DEBUG com.hcs.weighbridge.serial.WeighReader - Attempting to open serial port (attempt #140)
2026-01-29 18:08:12.695 [WeighReader-Thread] WARN  com.hcs.weighbridge.serial.WeighReader - Failed to open serial port on attempt #140
2026-01-29 18:08:14.695 [WeighReader-Thread] DEBUG com.hcs.weighbridge.serial.WeighReader - Attempting to open serial port (attempt #141)
2026-01-29 18:08:14.695 [WeighReader-Thread] WARN  com.hcs.weighbridge.serial.WeighReader - Failed to open serial port on attempt #141
2026-01-29 18:08:16.696 [WeighReader-Thread] DEBUG com.hcs.weighbridge.serial.WeighReader - Attempting to open serial port (attempt #142)
2026-01-29 18:08:16.696 [WeighReader-Thread] WARN  com.hcs.weighbridge.serial.WeighReader - Failed to open serial port on attempt #142
2026-01-29 18:08:18.697 [WeighReader-Thread] DEBUG com.hcs.weighbridge.serial.WeighReader - Attempting to open serial port (attempt #143)
2026-01-29 18:08:18.697 [WeighReader-Thread] WARN  com.hcs.weighbridge.serial.WeighReader - Failed to open serial port on attempt #143
2026-01-29 18:08:20.698 [WeighReader-Thread] DEBUG com.hcs.weighbridge.serial.WeighReader - Attempting to open serial port (attempt #144)
2026-01-29 18:08:20.698 [WeighReader-Thread] WARN  com.hcs.weighbridge.serial.WeighReader - Failed to open serial port on attempt #144
2026-01-29 18:08:22.698 [WeighReader-Thread] DEBUG com.hcs.weighbridge.serial.WeighReader - Attempting to open serial port (attempt #145)
2026-01-29 18:08:22.698 [WeighReader-Thread] WARN  com.hcs.weighbridge.serial.WeighReader - Failed to open serial port on attempt #145
2026-01-29 18:08:24.698 [WeighReader-Thread] DEBUG com.hcs.weighbridge.serial.WeighReader - Attempting to open serial port (attempt #146)
2026-01-29 18:08:24.698 [WeighReader-Thread] WARN  com.hcs.weighbridge.serial.WeighReader - Failed to open serial port on attempt #146
2026-01-29 18:08:26.698 [WeighReader-Thread] DEBUG com.hcs.weighbridge.serial.WeighReader - Attempting to open serial port (attempt #147)
2026-01-29 18:08:26.698 [WeighReader-Thread] WARN  com.hcs.weighbridge.serial.WeighReader - Failed to open serial port on attempt #147
2026-01-29 18:08:28.699 [WeighReader-Thread] DEBUG com.hcs.weighbridge.serial.WeighReader - Attempting to open serial port (attempt #148)
2026-01-29 18:08:28.699 [WeighReader-Thread] WARN  com.hcs.weighbridge.serial.WeighReader - Failed to open serial port on attempt #148
2026-01-29 18:08:30.699 [WeighReader-Thread] DEBUG com.hcs.weighbridge.serial.WeighReader - Attempting to open serial port (attempt #149)
2026-01-29 18:08:30.699 [WeighReader-Thread] WARN  com.hcs.weighbridge.serial.WeighReader - Failed to open serial port on attempt #149
2026-01-29 18:08:32.699 [WeighReader-Thread] DEBUG com.hcs.weighbridge.serial.WeighReader - Attempting to open serial port (attempt #150)
2026-01-29 18:08:32.699 [WeighReader-Thread] WARN  com.hcs.weighbridge.serial.WeighReader - Failed to open serial port on attempt #150
2026-01-29 18:08:34.700 [WeighReader-Thread] DEBUG com.hcs.weighbridge.serial.WeighReader - Attempting to open serial port (attempt #151)
2026-01-29 18:08:34.700 [WeighReader-Thread] WARN  com.hcs.weighbridge.serial.WeighReader - Failed to open serial port on attempt #151
2026-01-29 18:08:36.701 [WeighReader-Thread] DEBUG com.hcs.weighbridge.serial.WeighReader - Attempting to open serial port (attempt #152)
2026-01-29 18:08:36.701 [WeighReader-Thread] WARN  com.hcs.weighbridge.serial.WeighReader - Failed to open serial port on attempt #152
2026-01-29 18:08:38.701 [WeighReader-Thread] DEBUG com.hcs.weighbridge.serial.WeighReader - Attempting to open serial port (attempt #153)
2026-01-29 18:08:38.701 [WeighReader-Thread] WARN  com.hcs.weighbridge.serial.WeighReader - Failed to open serial port on attempt #153
2026-01-29 18:08:40.701 [WeighReader-Thread] DEBUG com.hcs.weighbridge.serial.WeighReader - Attempting to open serial port (attempt #154)
2026-01-29 18:08:40.701 [WeighReader-Thread] WARN  com.hcs.weighbridge.serial.WeighReader - Failed to open serial port on attempt #154
2026-01-29 18:08:42.702 [WeighReader-Thread] DEBUG com.hcs.weighbridge.serial.WeighReader - Attempting to open serial port (attempt #155)
2026-01-29 18:08:42.702 [WeighReader-Thread] WARN  com.hcs.weighbridge.serial.WeighReader - Failed to open serial port on attempt #155
2026-01-29 18:08:44.702 [WeighReader-Thread] DEBUG com.hcs.weighbridge.serial.WeighReader - Attempting to open serial port (attempt #156)
2026-01-29 18:08:44.702 [WeighReader-Thread] WARN  com.hcs.weighbridge.serial.WeighReader - Failed to open serial port on attempt #156
2026-01-29 18:08:46.702 [WeighReader-Thread] DEBUG com.hcs.weighbridge.serial.WeighReader - Attempting to open serial port (attempt #157)
2026-01-29 18:08:46.702 [WeighReader-Thread] WARN  com.hcs.weighbridge.serial.WeighReader - Failed to open serial port on attempt #157
2026-01-29 18:08:48.703 [WeighReader-Thread] DEBUG com.hcs.weighbridge.serial.WeighReader - Attempting to open serial port (attempt #158)
2026-01-29 18:08:48.703 [WeighReader-Thread] WARN  com.hcs.weighbridge.serial.WeighReader - Failed to open serial port on attempt #158
2026-01-29 18:08:50.705 [WeighReader-Thread] DEBUG com.hcs.weighbridge.serial.WeighReader - Attempting to open serial port (attempt #159)
2026-01-29 18:08:50.705 [WeighReader-Thread] WARN  com.hcs.weighbridge.serial.WeighReader - Failed to open serial port on attempt #159
2026-01-29 18:08:52.705 [WeighReader-Thread] DEBUG com.hcs.weighbridge.serial.WeighReader - Attempting to open serial port (attempt #160)
2026-01-29 18:08:52.705 [WeighReader-Thread] WARN  com.hcs.weighbridge.serial.WeighReader - Failed to open serial port on attempt #160
2026-01-29 18:08:54.705 [WeighReader-Thread] DEBUG com.hcs.weighbridge.serial.WeighReader - Attempting to open serial port (attempt #161)
2026-01-29 18:08:54.706 [WeighReader-Thread] WARN  com.hcs.weighbridge.serial.WeighReader - Failed to open serial port on attempt #161
2026-01-29 18:08:56.706 [WeighReader-Thread] DEBUG com.hcs.weighbridge.serial.WeighReader - Attempting to open serial port (attempt #162)
2026-01-29 18:08:56.706 [WeighReader-Thread] WARN  com.hcs.weighbridge.serial.WeighReader - Failed to open serial port on attempt #162
2026-01-29 18:08:58.707 [WeighReader-Thread] DEBUG com.hcs.weighbridge.serial.WeighReader - Attempting to open serial port (attempt #163)
2026-01-29 18:08:58.707 [WeighReader-Thread] WARN  com.hcs.weighbridge.serial.WeighReader - Failed to open serial port on attempt #163
2026-01-29 18:09:00.707 [WeighReader-Thread] DEBUG com.hcs.weighbridge.serial.WeighReader - Attempting to open serial port (attempt #164)
2026-01-29 18:09:00.707 [WeighReader-Thread] WARN  com.hcs.weighbridge.serial.WeighReader - Failed to open serial port on attempt #164
2026-01-29 18:09:02.708 [WeighReader-Thread] DEBUG com.hcs.weighbridge.serial.WeighReader - Attempting to open serial port (attempt #165)
2026-01-29 18:09:02.708 [WeighReader-Thread] WARN  com.hcs.weighbridge.serial.WeighReader - Failed to open serial port on attempt #165
2026-01-29 18:09:04.708 [WeighReader-Thread] DEBUG com.hcs.weighbridge.serial.WeighReader - Attempting to open serial port (attempt #166)
2026-01-29 18:09:04.708 [WeighReader-Thread] WARN  com.hcs.weighbridge.serial.WeighReader - Failed to open serial port on attempt #166
2026-01-29 18:09:06.708 [WeighReader-Thread] DEBUG com.hcs.weighbridge.serial.WeighReader - Attempting to open serial port (attempt #167)
2026-01-29 18:09:06.708 [WeighReader-Thread] WARN  com.hcs.weighbridge.serial.WeighReader - Failed to open serial port on attempt #167
2026-01-29 18:09:08.709 [WeighReader-Thread] DEBUG com.hcs.weighbridge.serial.WeighReader - Attempting to open serial port (attempt #168)
2026-01-29 18:09:08.709 [WeighReader-Thread] WARN  com.hcs.weighbridge.serial.WeighReader - Failed to open serial port on attempt #168
2026-01-29 18:09:10.710 [WeighReader-Thread] DEBUG com.hcs.weighbridge.serial.WeighReader - Attempting to open serial port (attempt #169)
2026-01-29 18:09:10.710 [WeighReader-Thread] WARN  com.hcs.weighbridge.serial.WeighReader - Failed to open serial port on attempt #169
2026-01-29 18:09:12.710 [WeighReader-Thread] DEBUG com.hcs.weighbridge.serial.WeighReader - Attempting to open serial port (attempt #170)
2026-01-29 18:09:12.710 [WeighReader-Thread] WARN  com.hcs.weighbridge.serial.WeighReader - Failed to open serial port on attempt #170
2026-01-29 18:09:14.711 [WeighReader-Thread] DEBUG com.hcs.weighbridge.serial.WeighReader - Attempting to open serial port (attempt #171)
2026-01-29 18:09:14.711 [WeighReader-Thread] WARN  com.hcs.weighbridge.serial.WeighReader - Failed to open serial port on attempt #171
2026-01-29 18:09:16.711 [WeighReader-Thread] DEBUG com.hcs.weighbridge.serial.WeighReader - Attempting to open serial port (attempt #172)
2026-01-29 18:09:16.711 [WeighReader-Thread] WARN  com.hcs.weighbridge.serial.WeighReader - Failed to open serial port on attempt #172
2026-01-29 18:09:18.712 [WeighReader-Thread] DEBUG com.hcs.weighbridge.serial.WeighReader - Attempting to open serial port (attempt #173)
2026-01-29 18:09:18.712 [WeighReader-Thread] WARN  com.hcs.weighbridge.serial.WeighReader - Failed to open serial port on attempt #173
2026-01-29 18:09:20.712 [WeighReader-Thread] DEBUG com.hcs.weighbridge.serial.WeighReader - Attempting to open serial port (attempt #174)
2026-01-29 18:09:20.712 [WeighReader-Thread] WARN  com.hcs.weighbridge.serial.WeighReader - Failed to open serial port on attempt #174
2026-01-29 18:09:22.712 [WeighReader-Thread] DEBUG com.hcs.weighbridge.serial.WeighReader - Attempting to open serial port (attempt #175)
2026-01-29 18:09:22.712 [WeighReader-Thread] WARN  com.hcs.weighbridge.serial.WeighReader - Failed to open serial port on attempt #175
2026-01-29 18:09:24.712 [WeighReader-Thread] DEBUG com.hcs.weighbridge.serial.WeighReader - Attempting to open serial port (attempt #176)
2026-01-29 18:09:24.712 [WeighReader-Thread] WARN  com.hcs.weighbridge.serial.WeighReader - Failed to open serial port on attempt #176
2026-01-29 18:09:26.714 [WeighReader-Thread] DEBUG com.hcs.weighbridge.serial.WeighReader - Attempting to open serial port (attempt #177)
2026-01-29 18:09:26.714 [WeighReader-Thread] WARN  com.hcs.weighbridge.serial.WeighReader - Failed to open serial port on attempt #177
2026-01-29 18:09:28.714 [WeighReader-Thread] DEBUG com.hcs.weighbridge.serial.WeighReader - Attempting to open serial port (attempt #178)
2026-01-29 18:09:28.714 [WeighReader-Thread] WARN  com.hcs.weighbridge.serial.WeighReader - Failed to open serial port on attempt #178
2026-01-29 18:09:30.714 [WeighReader-Thread] DEBUG com.hcs.weighbridge.serial.WeighReader - Attempting to open serial port (attempt #179)
2026-01-29 18:09:30.714 [WeighReader-Thread] WARN  com.hcs.weighbridge.serial.WeighReader - Failed to open serial port on attempt #179
2026-01-29 18:09:32.715 [WeighReader-Thread] DEBUG com.hcs.weighbridge.serial.WeighReader - Attempting to open serial port (attempt #180)
2026-01-29 18:09:32.715 [WeighReader-Thread] WARN  com.hcs.weighbridge.serial.WeighReader - Failed to open serial port on attempt #180
2026-01-29 18:09:34.716 [WeighReader-Thread] DEBUG com.hcs.weighbridge.serial.WeighReader - Attempting to open serial port (attempt #181)
2026-01-29 18:09:34.716 [WeighReader-Thread] WARN  com.hcs.weighbridge.serial.WeighReader - Failed to open serial port on attempt #181
2026-01-29 18:09:36.717 [WeighReader-Thread] DEBUG com.hcs.weighbridge.serial.WeighReader - Attempting to open serial port (attempt #182)
2026-01-29 18:09:36.717 [WeighReader-Thread] WARN  com.hcs.weighbridge.serial.WeighReader - Failed to open serial port on attempt #182
2026-01-29 18:09:38.718 [WeighReader-Thread] DEBUG com.hcs.weighbridge.serial.WeighReader - Attempting to open serial port (attempt #183)
2026-01-29 18:09:38.718 [WeighReader-Thread] WARN  com.hcs.weighbridge.serial.WeighReader - Failed to open serial port on attempt #183
2026-01-29 18:09:40.718 [WeighReader-Thread] DEBUG com.hcs.weighbridge.serial.WeighReader - Attempting to open serial port (attempt #184)
2026-01-29 18:09:40.718 [WeighReader-Thread] WARN  com.hcs.weighbridge.serial.WeighReader - Failed to open serial port on attempt #184
2026-01-29 18:09:42.719 [WeighReader-Thread] DEBUG com.hcs.weighbridge.serial.WeighReader - Attempting to open serial port (attempt #185)
2026-01-29 18:09:42.719 [WeighReader-Thread] WARN  com.hcs.weighbridge.serial.WeighReader - Failed to open serial port on attempt #185
2026-01-29 18:09:44.719 [WeighReader-Thread] DEBUG com.hcs.weighbridge.serial.WeighReader - Attempting to open serial port (attempt #186)
2026-01-29 18:09:44.719 [WeighReader-Thread] WARN  com.hcs.weighbridge.serial.WeighReader - Failed to open serial port on attempt #186
2026-01-29 18:09:46.720 [WeighReader-Thread] DEBUG com.hcs.weighbridge.serial.WeighReader - Attempting to open serial port (attempt #187)
2026-01-29 18:09:46.720 [WeighReader-Thread] WARN  com.hcs.weighbridge.serial.WeighReader - Failed to open serial port on attempt #187
2026-01-29 18:09:48.721 [WeighReader-Thread] DEBUG com.hcs.weighbridge.serial.WeighReader - Attempting to open serial port (attempt #188)
2026-01-29 18:09:48.721 [WeighReader-Thread] WARN  com.hcs.weighbridge.serial.WeighReader - Failed to open serial port on attempt #188
2026-01-29 18:09:50.721 [WeighReader-Thread] DEBUG com.hcs.weighbridge.serial.WeighReader - Attempting to open serial port (attempt #189)
2026-01-29 18:09:50.721 [WeighReader-Thread] WARN  com.hcs.weighbridge.serial.WeighReader - Failed to open serial port on attempt #189
2026-01-29 18:09:52.721 [WeighReader-Thread] DEBUG com.hcs.weighbridge.serial.WeighReader - Attempting to open serial port (attempt #190)
2026-01-29 18:09:52.721 [WeighReader-Thread] WARN  com.hcs.weighbridge.serial.WeighReader - Failed to open serial port on attempt #190
2026-01-29 18:09:54.722 [WeighReader-Thread] DEBUG com.hcs.weighbridge.serial.WeighReader - Attempting to open serial port (attempt #191)
2026-01-29 18:09:54.722 [WeighReader-Thread] WARN  com.hcs.weighbridge.serial.WeighReader - Failed to open serial port on attempt #191
2026-01-29 18:09:56.723 [WeighReader-Thread] DEBUG com.hcs.weighbridge.serial.WeighReader - Attempting to open serial port (attempt #192)
2026-01-29 18:09:56.723 [WeighReader-Thread] WARN  com.hcs.weighbridge.serial.WeighReader - Failed to open serial port on attempt #192
2026-01-29 18:09:58.723 [WeighReader-Thread] DEBUG com.hcs.weighbridge.serial.WeighReader - Attempting to open serial port (attempt #193)
2026-01-29 18:09:58.723 [WeighReader-Thread] WARN  com.hcs.weighbridge.serial.WeighReader - Failed to open serial port on attempt #193
2026-01-29 18:10:00.724 [WeighReader-Thread] DEBUG com.hcs.weighbridge.serial.WeighReader - Attempting to open serial port (attempt #194)
2026-01-29 18:10:00.724 [WeighReader-Thread] WARN  com.hcs.weighbridge.serial.WeighReader - Failed to open serial port on attempt #194
2026-01-29 18:10:02.724 [WeighReader-Thread] DEBUG com.hcs.weighbridge.serial.WeighReader - Attempting to open serial port (attempt #195)
2026-01-29 18:10:02.724 [WeighReader-Thread] WARN  com.hcs.weighbridge.serial.WeighReader - Failed to open serial port on attempt #195
2026-01-29 18:10:04.724 [WeighReader-Thread] DEBUG com.hcs.weighbridge.serial.WeighReader - Attempting to open serial port (attempt #196)
2026-01-29 18:10:04.724 [WeighReader-Thread] WARN  com.hcs.weighbridge.serial.WeighReader - Failed to open serial port on attempt #196
2026-01-29 18:10:06.725 [WeighReader-Thread] DEBUG com.hcs.weighbridge.serial.WeighReader - Attempting to open serial port (attempt #197)
2026-01-29 18:10:06.725 [WeighReader-Thread] WARN  com.hcs.weighbridge.serial.WeighReader - Failed to open serial port on attempt #197
